127.0.0.1 - - [18/Dec/2025 17:47:57] "POST /send-email HTTP/1.1" 200 -
127.0.0.1 - - [18/Dec/2025 17:54:25] "OPTIONS /send-email HTTP/1.1" 200 -
127.0.0.1 - - [18/Dec/2025 17:54:28] "POST /send-email HTTP/1.1" 200 -
127.0.0.1 - - [18/Dec/2025 17:54:28] "POST /send-email HTTP/1.1" 500 -
----------------------------------------
Exception occurred during processing of request from ('127.0.0.1', 65071)
Traceback (most recent call last):
  File "/Users/zayramanuelle/Documents/GitHub/daFonte/server.py", line 102, in do_POST
    self.wfile.write(json.dumps({'success': True}).encode())
    ~~~~~~~~~~~~~~~~^^^^^^^^^^^^^^^^^^^^^^^^^^^^^^^^^^^^^^^^
  File "/Library/Frameworks/Python.framework/Versions/3.13/lib/python3.13/socketserver.py", line 845, in write
    self._sock.sendall(b)
    ~~~~~~~~~~~~~~~~~~^^^
BrokenPipeError: [Errno 32] Broken pipe

During handling of the above exception, another exception occurred:

Traceback (most recent call last):
  File "/Library/Frameworks/Python.framework/Versions/3.13/lib/python3.13/socketserver.py", line 318, in _handle_request_noblock
    self.process_request(request, client_address)
    ~~~~~~~~~~~~~~~~~~~~^^^^^^^^^^^^^^^^^^^^^^^^^
  File "/Library/Frameworks/Python.framework/Versions/3.13/lib/python3.13/socketserver.py", line 349, in process_request
    self.finish_request(request, client_address)
    ~~~~~~~~~~~~~~~~~~~^^^^^^^^^^^^^^^^^^^^^^^^^
  File "/Library/Frameworks/Python.framework/Versions/3.13/lib/python3.13/socketserver.py", line 362, in finish_request
    self.RequestHandlerClass(request, client_address, self)
    ~~~~~~~~~~~~~~~~~~~~~~~~^^^^^^^^^^^^^^^^^^^^^^^^^^^^^^^
  File "/Library/Frameworks/Python.framework/Versions/3.13/lib/python3.13/socketserver.py", line 766, in __init__
    self.handle()
    ~~~~~~~~~~~^^
  File "/Library/Frameworks/Python.framework/Versions/3.13/lib/python3.13/http/server.py", line 436, in handle
    self.handle_one_request()
    ~~~~~~~~~~~~~~~~~~~~~~~^^
  File "/Library/Frameworks/Python.framework/Versions/3.13/lib/python3.13/http/server.py", line 424, in handle_one_request
    method()
    ~~~~~~^^
  File "/Users/zayramanuelle/Documents/GitHub/daFonte/server.py", line 109, in do_POST
    self.end_headers()
    ~~~~~~~~~~~~~~~~^^
  File "/Library/Frameworks/Python.framework/Versions/3.13/lib/python3.13/http/server.py", line 538, in end_headers
    self.flush_headers()
    ~~~~~~~~~~~~~~~~~~^^
  File "/Library/Frameworks/Python.framework/Versions/3.13/lib/python3.13/http/server.py", line 542, in flush_headers
    self.wfile.write(b"".join(self._headers_buffer))
    ~~~~~~~~~~~~~~~~^^^^^^^^^^^^^^^^^^^^^^^^^^^^^^^^
  File "/Library/Frameworks/Python.framework/Versions/3.13/lib/python3.13/socketserver.py", line 845, in write
    self._sock.sendall(b)
    ~~~~~~~~~~~~~~~~~~^^^
BrokenPipeError: [Errno 32] Broken pipe
----------------------------------------
2025-12-18 18:03:18,647 INFO: Email enviado com sucesso para zayrita.barros@gmail.com (nome=Teste Autom√°tico, email=helio.oficio@gmail.com)
2025-12-18 18:08:43,441 INFO: Email enviado com sucesso para zayrita.barros@gmail.com (nome=Teste Keyring, email=helio.oficio@gmail.com)
2025-12-18 18:10:21,968 INFO: Email enviado com sucesso para zayrita.barros@gmail.com (nome=felipe, email=zayraabarros@gmail.com)
2025-12-18 18:11:13,141 INFO: Email enviado com sucesso para zayrita.barros@gmail.com (nome=FELIPE AMORIM BASTOS, email=zayramanuelle@gmail.com)
2025-12-18 18:22:13,196 INFO: Email enviado com sucesso para zayrita.barros@gmail.com (nome=FELIPE AMORIM BASTOS, email=teste@gmail.com)
2025-12-18 18:24:45,886 INFO: Email enviado com sucesso para zayrita.barros@gmail.com (nome=zayra, email=zayramanuelle@gmail.com)
2025-12-18 18:25:37,775 INFO: Email enviado com sucesso para zayrita.barros@gmail.com (nome=zayra, email=zayramanuelle@gmail.com)
2025-12-18 18:26:24,626 INFO: Email enviado com sucesso para zayrita.barros@gmail.com (nome=zayra, email=zayramanuelle@gmail.com)
2025-12-18 18:27:54,601 INFO: Email enviado com sucesso para zayrita.barros@gmail.com (nome=zayra, email=zayramanuelle@gmail.com)
2025-12-18 18:30:34,062 INFO: Email enviado com sucesso para zayrita.barros@gmail.com (nome=zayra, email=zayramanuelle@gmail.com)
2025-12-18 18:30:55,555 INFO: Email enviado com sucesso para zayrita.barros@gmail.com (nome=zayra, email=zayramanuelle@gmail.com)
2025-12-19 08:06:38,217 INFO: Email enviado com sucesso para zayrita.barros@gmail.com (nome=zayra, email=zayramanuelle@gmail.com)
